02-24-2017 @ 17:43:04 - Queuing 2.6.0 - wc_update_260_options
02-24-2017 @ 17:43:04 - Queuing 2.6.0 - wc_update_260_termmeta
02-24-2017 @ 17:43:04 - Queuing 2.6.0 - wc_update_260_zones
02-24-2017 @ 17:43:04 - Queuing 2.6.0 - wc_update_260_zone_methods
02-24-2017 @ 17:43:04 - Queuing 2.6.0 - wc_update_260_refunds
02-24-2017 @ 17:43:04 - Queuing 2.6.0 - wc_update_260_db_version
02-24-2017 @ 17:43:09 - Running wc_update_260_options callback
02-24-2017 @ 17:43:09 - Finished wc_update_260_options callback
02-24-2017 @ 17:43:09 - Running wc_update_260_termmeta callback
02-24-2017 @ 17:43:09 - Finished wc_update_260_termmeta callback
02-24-2017 @ 17:43:09 - Running wc_update_260_zones callback
02-24-2017 @ 17:43:09 - Finished wc_update_260_zones callback
02-24-2017 @ 17:43:09 - Running wc_update_260_zone_methods callback
02-24-2017 @ 17:43:09 - Finished wc_update_260_zone_methods callback
02-24-2017 @ 17:43:09 - Running wc_update_260_refunds callback
02-24-2017 @ 17:43:09 - Finished wc_update_260_refunds callback
02-24-2017 @ 17:43:09 - Running wc_update_260_db_version callback
02-24-2017 @ 17:43:09 - Finished wc_update_260_db_version callback
02-24-2017 @ 17:43:09 - Data update complete
2017-05-04T09:21:06+00:00 INFO Queuing 3.0.0 - wc_update_300_webhooks
2017-05-04T09:21:06+00:00 INFO Queuing 3.0.0 - wc_update_300_grouped_products
2017-05-04T09:21:06+00:00 INFO Queuing 3.0.0 - wc_update_300_settings
2017-05-04T09:21:06+00:00 INFO Queuing 3.0.0 - wc_update_300_product_visibility
2017-05-04T09:21:06+00:00 INFO Queuing 3.0.0 - wc_update_300_db_version
2017-05-04T09:21:09+00:00 INFO Running wc_update_300_webhooks callback
2017-05-04T09:21:09+00:00 INFO Finished wc_update_300_webhooks callback
2017-05-04T09:21:09+00:00 INFO Running wc_update_300_grouped_products callback
2017-05-04T09:21:09+00:00 INFO Finished wc_update_300_grouped_products callback
2017-05-04T09:21:09+00:00 INFO Running wc_update_300_settings callback
2017-05-04T09:21:09+00:00 INFO Finished wc_update_300_settings callback
2017-05-04T09:21:09+00:00 INFO Running wc_update_300_product_visibility callback
2017-05-04T09:21:09+00:00 INFO Finished wc_update_300_product_visibility callback
2017-05-04T09:21:09+00:00 INFO Running wc_update_300_db_version callback
2017-05-04T09:21:09+00:00 INFO Finished wc_update_300_db_version callback
2017-05-04T09:21:09+00:00 INFO Data update complete
2017-07-28T12:12:26+00:00 INFO Queuing 3.1.0 - wc_update_310_downloadable_products
2017-07-28T12:12:26+00:00 INFO Queuing 3.1.0 - wc_update_310_old_comments
2017-07-28T12:12:26+00:00 INFO Queuing 3.1.0 - wc_update_310_db_version
2017-07-28T12:12:28+00:00 INFO Running wc_update_310_downloadable_products callback
2017-07-28T12:12:28+00:00 INFO Finished wc_update_310_downloadable_products callback
2017-07-28T12:12:28+00:00 INFO Running wc_update_310_old_comments callback
2017-07-28T12:12:28+00:00 INFO Finished wc_update_310_old_comments callback
2017-07-28T12:12:28+00:00 INFO Running wc_update_310_db_version callback
2017-07-28T12:12:28+00:00 INFO Finished wc_update_310_db_version callback
2017-07-28T12:12:28+00:00 INFO Data update complete
2017-12-16T22:09:03+00:00 INFO Queuing 3.1.2 - wc_update_312_shop_manager_capabilities
2017-12-16T22:09:03+00:00 INFO Queuing 3.1.2 - wc_update_312_db_version
2017-12-16T22:09:03+00:00 INFO Queuing 3.2.0 - wc_update_320_mexican_states
2017-12-16T22:09:03+00:00 INFO Queuing 3.2.0 - wc_update_320_db_version
2017-12-16T22:09:06+00:00 INFO Running wc_update_312_shop_manager_capabilities callback
2017-12-16T22:09:06+00:00 INFO Finished wc_update_312_shop_manager_capabilities callback
2017-12-16T22:09:06+00:00 INFO Running wc_update_312_db_version callback
2017-12-16T22:09:06+00:00 INFO Finished wc_update_312_db_version callback
2017-12-16T22:09:06+00:00 INFO Running wc_update_320_mexican_states callback
2017-12-16T22:09:06+00:00 INFO Finished wc_update_320_mexican_states callback
2017-12-16T22:09:06+00:00 INFO Running wc_update_320_db_version callback
2017-12-16T22:09:06+00:00 INFO Finished wc_update_320_db_version callback
2017-12-16T22:09:06+00:00 INFO Data update complete
